/home/genomics/apps/cellranger-2.2.0/cellranger-cs/2.2.0/bin
cellranger mkfastq (2.2.0)
Copyright (c) 2018 10x Genomics, Inc.  All rights reserved.
-------------------------------------------------------------------------------

Martian Runtime - '2.2.0-v2.3.3'
Serving UI at http://titan:36475?auth=QCjpIzrIDphJYIr5YDu8OaOj2escE6fzueWbMJcdRaA

Running preflight checks (please wait)...
Checking run folder...
Checking RunInfo.xml...
Checking system environment...
Checking barcode whitelist...
Checking read specification...
Checking samplesheet specs...
Checking for dual index flowcell...
2019-03-20 11:09:45 [runtime] (ready)           ID.H5WC2DRXX.MAKE_FASTQS_CS.MAKE_FASTQS.PREPARE_SAMPLESHEET
2019-03-20 11:09:48 [runtime] (split_complete)  ID.H5WC2DRXX.MAKE_FASTQS_CS.MAKE_FASTQS.PREPARE_SAMPLESHEET
2019-03-20 11:09:48 [runtime] (run:local)       ID.H5WC2DRXX.MAKE_FASTQS_CS.MAKE_FASTQS.PREPARE_SAMPLESHEET.fork0.chnk0.main
2019-03-20 11:09:51 [runtime] (chunks_complete) ID.H5WC2DRXX.MAKE_FASTQS_CS.MAKE_FASTQS.PREPARE_SAMPLESHEET
2019-03-20 11:09:55 [runtime] (join_complete)   ID.H5WC2DRXX.MAKE_FASTQS_CS.MAKE_FASTQS.PREPARE_SAMPLESHEET
2019-03-20 11:10:01 [runtime] (ready)           ID.H5WC2DRXX.MAKE_FASTQS_CS.MAKE_FASTQS.BCL2FASTQ_WITH_SAMPLESHEET
2019-03-20 11:10:01 [runtime] (run:local)       ID.H5WC2DRXX.MAKE_FASTQS_CS.MAKE_FASTQS.BCL2FASTQ_WITH_SAMPLESHEET.fork0.split
2019-03-20 11:10:04 [runtime] (split_complete)  ID.H5WC2DRXX.MAKE_FASTQS_CS.MAKE_FASTQS.BCL2FASTQ_WITH_SAMPLESHEET
2019-03-20 11:10:04 [runtime] (run:local)       ID.H5WC2DRXX.MAKE_FASTQS_CS.MAKE_FASTQS.BCL2FASTQ_WITH_SAMPLESHEET.fork0.chnk0.main
2019-03-20 11:16:08 [runtime] (update)          ID.H5WC2DRXX.MAKE_FASTQS_CS.MAKE_FASTQS.BCL2FASTQ_WITH_SAMPLESHEET.fork0 chunks_running
2019-03-20 11:22:09 [runtime] (update)          ID.H5WC2DRXX.MAKE_FASTQS_CS.MAKE_FASTQS.BCL2FASTQ_WITH_SAMPLESHEET.fork0 chunks_running
2019-03-20 11:28:13 [runtime] (update)          ID.H5WC2DRXX.MAKE_FASTQS_CS.MAKE_FASTQS.BCL2FASTQ_WITH_SAMPLESHEET.fork0 chunks_running
2019-03-20 11:34:12 [runtime] (update)          ID.H5WC2DRXX.MAKE_FASTQS_CS.MAKE_FASTQS.BCL2FASTQ_WITH_SAMPLESHEET.fork0 chunks_running
2019-03-20 11:40:19 [runtime] (update)          ID.H5WC2DRXX.MAKE_FASTQS_CS.MAKE_FASTQS.BCL2FASTQ_WITH_SAMPLESHEET.fork0 chunks_running
2019-03-20 11:46:19 [runtime] (update)          ID.H5WC2DRXX.MAKE_FASTQS_CS.MAKE_FASTQS.BCL2FASTQ_WITH_SAMPLESHEET.fork0 chunks_running
2019-03-20 11:52:23 [runtime] (update)          ID.H5WC2DRXX.MAKE_FASTQS_CS.MAKE_FASTQS.BCL2FASTQ_WITH_SAMPLESHEET.fork0 chunks_running
2019-03-20 11:58:26 [runtime] (update)          ID.H5WC2DRXX.MAKE_FASTQS_CS.MAKE_FASTQS.BCL2FASTQ_WITH_SAMPLESHEET.fork0 chunks_running
2019-03-20 12:04:32 [runtime] (update)          ID.H5WC2DRXX.MAKE_FASTQS_CS.MAKE_FASTQS.BCL2FASTQ_WITH_SAMPLESHEET.fork0 chunks_running
2019-03-20 12:10:32 [runtime] (update)          ID.H5WC2DRXX.MAKE_FASTQS_CS.MAKE_FASTQS.BCL2FASTQ_WITH_SAMPLESHEET.fork0 chunks_running
2019-03-20 12:16:37 [runtime] (update)          ID.H5WC2DRXX.MAKE_FASTQS_CS.MAKE_FASTQS.BCL2FASTQ_WITH_SAMPLESHEET.fork0 chunks_running
2019-03-20 12:22:42 [runtime] (update)          ID.H5WC2DRXX.MAKE_FASTQS_CS.MAKE_FASTQS.BCL2FASTQ_WITH_SAMPLESHEET.fork0 chunks_running
2019-03-20 12:28:43 [runtime] (update)          ID.H5WC2DRXX.MAKE_FASTQS_CS.MAKE_FASTQS.BCL2FASTQ_WITH_SAMPLESHEET.fork0 chunks_running
2019-03-20 12:34:45 [runtime] (update)          ID.H5WC2DRXX.MAKE_FASTQS_CS.MAKE_FASTQS.BCL2FASTQ_WITH_SAMPLESHEET.fork0 chunks_running
2019-03-20 12:40:51 [runtime] (update)          ID.H5WC2DRXX.MAKE_FASTQS_CS.MAKE_FASTQS.BCL2FASTQ_WITH_SAMPLESHEET.fork0 chunks_running
2019-03-20 12:47:00 [runtime] (update)          ID.H5WC2DRXX.MAKE_FASTQS_CS.MAKE_FASTQS.BCL2FASTQ_WITH_SAMPLESHEET.fork0 chunks_running
2019-03-20 12:53:01 [runtime] (update)          ID.H5WC2DRXX.MAKE_FASTQS_CS.MAKE_FASTQS.BCL2FASTQ_WITH_SAMPLESHEET.fork0 chunks_running
2019-03-20 12:59:09 [runtime] (update)          ID.H5WC2DRXX.MAKE_FASTQS_CS.MAKE_FASTQS.BCL2FASTQ_WITH_SAMPLESHEET.fork0 chunks_running
2019-03-20 13:05:16 [runtime] (update)          ID.H5WC2DRXX.MAKE_FASTQS_CS.MAKE_FASTQS.BCL2FASTQ_WITH_SAMPLESHEET.fork0 chunks_running
2019-03-20 13:11:33 [runtime] (update)          ID.H5WC2DRXX.MAKE_FASTQS_CS.MAKE_FASTQS.BCL2FASTQ_WITH_SAMPLESHEET.fork0 chunks_running
2019-03-20 13:17:45 [runtime] (update)          ID.H5WC2DRXX.MAKE_FASTQS_CS.MAKE_FASTQS.BCL2FASTQ_WITH_SAMPLESHEET.fork0 chunks_running
2019-03-20 13:23:46 [runtime] (update)          ID.H5WC2DRXX.MAKE_FASTQS_CS.MAKE_FASTQS.BCL2FASTQ_WITH_SAMPLESHEET.fork0 chunks_running
2019-03-20 13:29:52 [runtime] (update)          ID.H5WC2DRXX.MAKE_FASTQS_CS.MAKE_FASTQS.BCL2FASTQ_WITH_SAMPLESHEET.fork0 chunks_running
2019-03-20 13:35:54 [runtime] (update)          ID.H5WC2DRXX.MAKE_FASTQS_CS.MAKE_FASTQS.BCL2FASTQ_WITH_SAMPLESHEET.fork0 chunks_running
2019-03-20 13:38:31 [runtime] (chunks_complete) ID.H5WC2DRXX.MAKE_FASTQS_CS.MAKE_FASTQS.BCL2FASTQ_WITH_SAMPLESHEET
2019-03-20 13:38:31 [runtime] (run:local)       ID.H5WC2DRXX.MAKE_FASTQS_CS.MAKE_FASTQS.BCL2FASTQ_WITH_SAMPLESHEET.fork0.join
2019-03-20 13:38:34 [runtime] (join_complete)   ID.H5WC2DRXX.MAKE_FASTQS_CS.MAKE_FASTQS.BCL2FASTQ_WITH_SAMPLESHEET
2019-03-20 13:38:37 [runtime] (ready)           ID.H5WC2DRXX.MAKE_FASTQS_CS.MAKE_FASTQS.MAKE_QC_SUMMARY
2019-03-20 13:38:37 [runtime] (run:local)       ID.H5WC2DRXX.MAKE_FASTQS_CS.MAKE_FASTQS.MAKE_QC_SUMMARY.fork0.split
2019-03-20 13:38:40 [runtime] (split_complete)  ID.H5WC2DRXX.MAKE_FASTQS_CS.MAKE_FASTQS.MAKE_QC_SUMMARY
2019-03-20 13:38:40 [runtime] (run:local)       ID.H5WC2DRXX.MAKE_FASTQS_CS.MAKE_FASTQS.MAKE_QC_SUMMARY.fork0.join
2019-03-20 13:38:43 [runtime] (join_complete)   ID.H5WC2DRXX.MAKE_FASTQS_CS.MAKE_FASTQS.MAKE_QC_SUMMARY
2019-03-20 13:38:47 [runtime] (ready)           ID.H5WC2DRXX.MAKE_FASTQS_CS.MAKE_FASTQS.MERGE_FASTQS_BY_LANE_SAMPLE
2019-03-20 13:38:47 [runtime] (run:local)       ID.H5WC2DRXX.MAKE_FASTQS_CS.MAKE_FASTQS.MERGE_FASTQS_BY_LANE_SAMPLE.fork0.split
2019-03-20 13:38:51 [runtime] (split_complete)  ID.H5WC2DRXX.MAKE_FASTQS_CS.MAKE_FASTQS.MERGE_FASTQS_BY_LANE_SAMPLE
2019-03-20 13:38:52 [runtime] (run:local)       ID.H5WC2DRXX.MAKE_FASTQS_CS.MAKE_FASTQS.MERGE_FASTQS_BY_LANE_SAMPLE.fork0.chnk00.main
2019-03-20 13:38:52 [runtime] (run:local)       ID.H5WC2DRXX.MAKE_FASTQS_CS.MAKE_FASTQS.MERGE_FASTQS_BY_LANE_SAMPLE.fork0.chnk01.main
2019-03-20 13:38:52 [runtime] (run:local)       ID.H5WC2DRXX.MAKE_FASTQS_CS.MAKE_FASTQS.MERGE_FASTQS_BY_LANE_SAMPLE.fork0.chnk02.main
2019-03-20 13:38:52 [runtime] (run:local)       ID.H5WC2DRXX.MAKE_FASTQS_CS.MAKE_FASTQS.MERGE_FASTQS_BY_LANE_SAMPLE.fork0.chnk03.main
2019-03-20 13:38:53 [runtime] (run:local)       ID.H5WC2DRXX.MAKE_FASTQS_CS.MAKE_FASTQS.MERGE_FASTQS_BY_LANE_SAMPLE.fork0.chnk04.main
2019-03-20 13:38:53 [runtime] (run:local)       ID.H5WC2DRXX.MAKE_FASTQS_CS.MAKE_FASTQS.MERGE_FASTQS_BY_LANE_SAMPLE.fork0.chnk05.main
2019-03-20 13:38:53 [runtime] (run:local)       ID.H5WC2DRXX.MAKE_FASTQS_CS.MAKE_FASTQS.MERGE_FASTQS_BY_LANE_SAMPLE.fork0.chnk06.main
2019-03-20 13:38:53 [runtime] (run:local)       ID.H5WC2DRXX.MAKE_FASTQS_CS.MAKE_FASTQS.MERGE_FASTQS_BY_LANE_SAMPLE.fork0.chnk07.main
2019-03-20 13:38:53 [runtime] (run:local)       ID.H5WC2DRXX.MAKE_FASTQS_CS.MAKE_FASTQS.MERGE_FASTQS_BY_LANE_SAMPLE.fork0.chnk08.main
2019-03-20 13:38:53 [runtime] (run:local)       ID.H5WC2DRXX.MAKE_FASTQS_CS.MAKE_FASTQS.MERGE_FASTQS_BY_LANE_SAMPLE.fork0.chnk09.main
2019-03-20 13:38:53 [runtime] (run:local)       ID.H5WC2DRXX.MAKE_FASTQS_CS.MAKE_FASTQS.MERGE_FASTQS_BY_LANE_SAMPLE.fork0.chnk10.main
2019-03-20 13:38:54 [runtime] (run:local)       ID.H5WC2DRXX.MAKE_FASTQS_CS.MAKE_FASTQS.MERGE_FASTQS_BY_LANE_SAMPLE.fork0.chnk11.main
2019-03-20 13:38:55 [runtime] (run:local)       ID.H5WC2DRXX.MAKE_FASTQS_CS.MAKE_FASTQS.MERGE_FASTQS_BY_LANE_SAMPLE.fork0.chnk12.main
2019-03-20 13:38:55 [runtime] (run:local)       ID.H5WC2DRXX.MAKE_FASTQS_CS.MAKE_FASTQS.MERGE_FASTQS_BY_LANE_SAMPLE.fork0.chnk13.main
2019-03-20 13:38:55 [runtime] (run:local)       ID.H5WC2DRXX.MAKE_FASTQS_CS.MAKE_FASTQS.MERGE_FASTQS_BY_LANE_SAMPLE.fork0.chnk14.main
2019-03-20 13:38:55 [runtime] (run:local)       ID.H5WC2DRXX.MAKE_FASTQS_CS.MAKE_FASTQS.MERGE_FASTQS_BY_LANE_SAMPLE.fork0.chnk15.main
2019-03-20 13:38:56 [runtime] (run:local)       ID.H5WC2DRXX.MAKE_FASTQS_CS.MAKE_FASTQS.MERGE_FASTQS_BY_LANE_SAMPLE.fork0.chnk16.main
2019-03-20 13:38:56 [runtime] (run:local)       ID.H5WC2DRXX.MAKE_FASTQS_CS.MAKE_FASTQS.MERGE_FASTQS_BY_LANE_SAMPLE.fork0.chnk17.main
2019-03-20 13:38:56 [runtime] (run:local)       ID.H5WC2DRXX.MAKE_FASTQS_CS.MAKE_FASTQS.MERGE_FASTQS_BY_LANE_SAMPLE.fork0.chnk18.main
2019-03-20 13:38:56 [runtime] (run:local)       ID.H5WC2DRXX.MAKE_FASTQS_CS.MAKE_FASTQS.MERGE_FASTQS_BY_LANE_SAMPLE.fork0.chnk19.main
2019-03-20 13:38:56 [runtime] (run:local)       ID.H5WC2DRXX.MAKE_FASTQS_CS.MAKE_FASTQS.MERGE_FASTQS_BY_LANE_SAMPLE.fork0.chnk20.main
2019-03-20 13:38:56 [runtime] (run:local)       ID.H5WC2DRXX.MAKE_FASTQS_CS.MAKE_FASTQS.MERGE_FASTQS_BY_LANE_SAMPLE.fork0.chnk21.main
2019-03-20 13:38:57 [runtime] (run:local)       ID.H5WC2DRXX.MAKE_FASTQS_CS.MAKE_FASTQS.MERGE_FASTQS_BY_LANE_SAMPLE.fork0.chnk22.main
2019-03-20 13:38:57 [runtime] (run:local)       ID.H5WC2DRXX.MAKE_FASTQS_CS.MAKE_FASTQS.MERGE_FASTQS_BY_LANE_SAMPLE.fork0.chnk23.main
2019-03-20 13:38:57 [runtime] (run:local)       ID.H5WC2DRXX.MAKE_FASTQS_CS.MAKE_FASTQS.MERGE_FASTQS_BY_LANE_SAMPLE.fork0.chnk24.main
2019-03-20 13:38:57 [runtime] (run:local)       ID.H5WC2DRXX.MAKE_FASTQS_CS.MAKE_FASTQS.MERGE_FASTQS_BY_LANE_SAMPLE.fork0.chnk25.main
2019-03-20 13:38:57 [runtime] (run:local)       ID.H5WC2DRXX.MAKE_FASTQS_CS.MAKE_FASTQS.MERGE_FASTQS_BY_LANE_SAMPLE.fork0.chnk26.main
2019-03-20 13:38:57 [runtime] (run:local)       ID.H5WC2DRXX.MAKE_FASTQS_CS.MAKE_FASTQS.MERGE_FASTQS_BY_LANE_SAMPLE.fork0.chnk27.main
2019-03-20 13:38:58 [runtime] (run:local)       ID.H5WC2DRXX.MAKE_FASTQS_CS.MAKE_FASTQS.MERGE_FASTQS_BY_LANE_SAMPLE.fork0.chnk28.main
2019-03-20 13:38:58 [runtime] (run:local)       ID.H5WC2DRXX.MAKE_FASTQS_CS.MAKE_FASTQS.MERGE_FASTQS_BY_LANE_SAMPLE.fork0.chnk29.main
2019-03-20 13:38:58 [runtime] (run:local)       ID.H5WC2DRXX.MAKE_FASTQS_CS.MAKE_FASTQS.MERGE_FASTQS_BY_LANE_SAMPLE.fork0.chnk30.main
2019-03-20 13:38:58 [runtime] (run:local)       ID.H5WC2DRXX.MAKE_FASTQS_CS.MAKE_FASTQS.MERGE_FASTQS_BY_LANE_SAMPLE.fork0.chnk31.main
2019-03-20 13:38:58 [runtime] (run:local)       ID.H5WC2DRXX.MAKE_FASTQS_CS.MAKE_FASTQS.MERGE_FASTQS_BY_LANE_SAMPLE.fork0.chnk32.main
2019-03-20 13:38:59 [runtime] (run:local)       ID.H5WC2DRXX.MAKE_FASTQS_CS.MAKE_FASTQS.MERGE_FASTQS_BY_LANE_SAMPLE.fork0.chnk33.main
2019-03-20 13:38:59 [runtime] (run:local)       ID.H5WC2DRXX.MAKE_FASTQS_CS.MAKE_FASTQS.MERGE_FASTQS_BY_LANE_SAMPLE.fork0.chnk34.main
2019-03-20 13:38:59 [runtime] (run:local)       ID.H5WC2DRXX.MAKE_FASTQS_CS.MAKE_FASTQS.MERGE_FASTQS_BY_LANE_SAMPLE.fork0.chnk35.main
2019-03-20 13:38:59 [runtime] (run:local)       ID.H5WC2DRXX.MAKE_FASTQS_CS.MAKE_FASTQS.MERGE_FASTQS_BY_LANE_SAMPLE.fork0.chnk36.main
2019-03-20 13:38:59 [runtime] (run:local)       ID.H5WC2DRXX.MAKE_FASTQS_CS.MAKE_FASTQS.MERGE_FASTQS_BY_LANE_SAMPLE.fork0.chnk37.main
2019-03-20 13:38:59 [runtime] (run:local)       ID.H5WC2DRXX.MAKE_FASTQS_CS.MAKE_FASTQS.MERGE_FASTQS_BY_LANE_SAMPLE.fork0.chnk38.main
2019-03-20 13:38:59 [runtime] (run:local)       ID.H5WC2DRXX.MAKE_FASTQS_CS.MAKE_FASTQS.MERGE_FASTQS_BY_LANE_SAMPLE.fork0.chnk39.main
2019-03-20 13:38:59 [runtime] (run:local)       ID.H5WC2DRXX.MAKE_FASTQS_CS.MAKE_FASTQS.MERGE_FASTQS_BY_LANE_SAMPLE.fork0.chnk40.main
2019-03-20 13:38:59 [runtime] (run:local)       ID.H5WC2DRXX.MAKE_FASTQS_CS.MAKE_FASTQS.MERGE_FASTQS_BY_LANE_SAMPLE.fork0.chnk41.main
2019-03-20 13:39:00 [runtime] (run:local)       ID.H5WC2DRXX.MAKE_FASTQS_CS.MAKE_FASTQS.MERGE_FASTQS_BY_LANE_SAMPLE.fork0.chnk42.main
2019-03-20 13:39:00 [runtime] (run:local)       ID.H5WC2DRXX.MAKE_FASTQS_CS.MAKE_FASTQS.MERGE_FASTQS_BY_LANE_SAMPLE.fork0.chnk43.main
2019-03-20 13:39:00 [runtime] (run:local)       ID.H5WC2DRXX.MAKE_FASTQS_CS.MAKE_FASTQS.MERGE_FASTQS_BY_LANE_SAMPLE.fork0.chnk44.main
2019-03-20 13:39:00 [runtime] (run:local)       ID.H5WC2DRXX.MAKE_FASTQS_CS.MAKE_FASTQS.MERGE_FASTQS_BY_LANE_SAMPLE.fork0.chnk45.main
2019-03-20 13:39:00 [runtime] (run:local)       ID.H5WC2DRXX.MAKE_FASTQS_CS.MAKE_FASTQS.MERGE_FASTQS_BY_LANE_SAMPLE.fork0.chnk46.main
2019-03-20 13:39:00 [runtime] (run:local)       ID.H5WC2DRXX.MAKE_FASTQS_CS.MAKE_FASTQS.MERGE_FASTQS_BY_LANE_SAMPLE.fork0.chnk47.main
2019-03-20 13:39:00 [runtime] (run:local)       ID.H5WC2DRXX.MAKE_FASTQS_CS.MAKE_FASTQS.MERGE_FASTQS_BY_LANE_SAMPLE.fork0.chnk48.main
2019-03-20 13:39:01 [runtime] (run:local)       ID.H5WC2DRXX.MAKE_FASTQS_CS.MAKE_FASTQS.MERGE_FASTQS_BY_LANE_SAMPLE.fork0.chnk49.main
2019-03-20 13:39:01 [runtime] (run:local)       ID.H5WC2DRXX.MAKE_FASTQS_CS.MAKE_FASTQS.MERGE_FASTQS_BY_LANE_SAMPLE.fork0.chnk50.main
2019-03-20 13:39:01 [runtime] (run:local)       ID.H5WC2DRXX.MAKE_FASTQS_CS.MAKE_FASTQS.MERGE_FASTQS_BY_LANE_SAMPLE.fork0.chnk51.main
2019-03-20 13:39:01 [runtime] (run:local)       ID.H5WC2DRXX.MAKE_FASTQS_CS.MAKE_FASTQS.MERGE_FASTQS_BY_LANE_SAMPLE.fork0.chnk52.main
2019-03-20 13:39:01 [runtime] (run:local)       ID.H5WC2DRXX.MAKE_FASTQS_CS.MAKE_FASTQS.MERGE_FASTQS_BY_LANE_SAMPLE.fork0.chnk53.main
2019-03-20 13:39:02 [runtime] (run:local)       ID.H5WC2DRXX.MAKE_FASTQS_CS.MAKE_FASTQS.MERGE_FASTQS_BY_LANE_SAMPLE.fork0.chnk54.main
2019-03-20 13:39:02 [runtime] (run:local)       ID.H5WC2DRXX.MAKE_FASTQS_CS.MAKE_FASTQS.MERGE_FASTQS_BY_LANE_SAMPLE.fork0.chnk55.main
2019-03-20 13:39:13 [runtime] (chunks_complete) ID.H5WC2DRXX.MAKE_FASTQS_CS.MAKE_FASTQS.MERGE_FASTQS_BY_LANE_SAMPLE
2019-03-20 13:39:13 [runtime] (run:local)       ID.H5WC2DRXX.MAKE_FASTQS_CS.MAKE_FASTQS.MERGE_FASTQS_BY_LANE_SAMPLE.fork0.join
2019-03-20 13:39:16 [runtime] (join_complete)   ID.H5WC2DRXX.MAKE_FASTQS_CS.MAKE_FASTQS.MERGE_FASTQS_BY_LANE_SAMPLE

Outputs:
- Run QC metrics:        null
- FASTQ output folder:   /home/genomics/genomics/data/Temp/Sequence_Temp/NovaSeq/Fastq_Generation/190319_A00319_0037_BH5WC2DRXX
- Interop output folder: /home/genomics/genomics/data/Temp/Sequence_Temp/NovaSeq/Fastq_Generation/190319_A00319_0037_BH5WC2DRXX/H5WC2DRXX/outs/interop_path
- Input samplesheet:     /home/genomics/genomics/data/Temp/Sequence_Temp/NovaSeq/Fastq_Generation/190319_A00319_0037_BH5WC2DRXX/H5WC2DRXX/outs/input_samplesheet.csv

Waiting 6 seconds for UI to do final refresh.
Pipestance completed successfully!

Saving pipestance info to H5WC2DRXX/H5WC2DRXX.mri.tgz
genomics@cshs.org... Connecting to [127.0.0.1] via relay...
genomics@cshs.org... Deferred: Connection refused by [127.0.0.1]
